<?xml version="1.0" encoding="UTF-8"?>
<testng-results ignored="0" total="2" passed="1" failed="1" skipped="0">
  <reporter-output>
  </reporter-output>
  <suite started-at="2024-05-02T18:34:53 IST" name="MySuite" finished-at="2024-05-02T18:35:54 IST" duration-ms="61475">
    <groups>
      <group name="regression">
        <method signature="Tc_002_LoginTest.verify_Login()[pri:0, instance:testCase.Tc_002_LoginTest@224b4d61]" name="verify_Login" class="testCase.Tc_002_LoginTest"/>
      </group> <!-- regression -->
      <group name="sanity">
        <method signature="Tc_001_MyAccountRigstration.Tc_001_MyAccountRigstrationTest()[pri:0, instance:testCase.Tc_001_MyAccountRigstration@6f80fafe]" name="Tc_001_MyAccountRigstrationTest" class="testCase.Tc_001_MyAccountRigstration"/>
      </group> <!-- sanity -->
      <group name="master">
        <method signature="Tc_001_MyAccountRigstration.Tc_001_MyAccountRigstrationTest()[pri:0, instance:testCase.Tc_001_MyAccountRigstration@6f80fafe]" name="Tc_001_MyAccountRigstrationTest" class="testCase.Tc_001_MyAccountRigstration"/>
        <method signature="Tc_002_LoginTest.verify_Login()[pri:0, instance:testCase.Tc_002_LoginTest@224b4d61]" name="verify_Login" class="testCase.Tc_002_LoginTest"/>
      </group> <!-- master -->
    </groups>
    <test started-at="2024-05-02T18:34:53 IST" name="Test" finished-at="2024-05-02T18:35:54 IST" duration-ms="61475">
      <class name="testCase.Tc_001_MyAccountRigstration">
        <test-method is-config="true" signature="setUp(java.lang.String,java.lang.String)[pri:0, instance:testCase.Tc_001_MyAccountRigstration@6f80fafe]" started-at="2024-05-02T18:34:55 IST" name="setUp" finished-at="2024-05-02T18:35:18 IST" duration-ms="23321" status="PASS">
          <params>
            <param index="0">
              <value>
                <![CDATA[Window]]>
              </value>
            </param>
            <param index="1">
              <value>
                <![CDATA[chrome]]>
              </value>
            </param>
          </params>
          <reporter-output>
          </reporter-output>
        </test-method> <!-- setUp -->
        <test-method signature="Tc_001_MyAccountRigstrationTest()[pri:0, instance:testCase.Tc_001_MyAccountRigstration@6f80fafe]" started-at="2024-05-02T18:35:18 IST" name="Tc_001_MyAccountRigstrationTest" finished-at="2024-05-02T18:35:37 IST" duration-ms="18671" status="FAIL">
          <exception class="java.lang.AssertionError">
            <message>
              <![CDATA[expected [Your Account Has Been Created!!] but found [Your Account Has Been Created!]]]>
            </message>
            <full-stacktrace>
              <![CDATA[java.lang.AssertionError: expected [Your Account Has Been Created!!] but found [Your Account Has Been Created!]
at org.testng.Assert.fail(Assert.java:111)
at org.testng.Assert.failNotEquals(Assert.java:1578)
at org.testng.Assert.assertEqualsImpl(Assert.java:150)
at org.testng.Assert.assertEquals(Assert.java:132)
at org.testng.Assert.assertEquals(Assert.java:656)
at org.testng.Assert.assertEquals(Assert.java:666)
at testCase.Tc_001_MyAccountRigstration.Tc_001_MyAccountRigstrationTest(Tc_001_MyAccountRigstration.java:49)
at java.base/jdk.internal.reflect.NativeMethodAccessorImpl.invoke0(Native Method)
at java.base/jdk.internal.reflect.NativeMethodAccessorImpl.invoke(NativeMethodAccessorImpl.java:64)
at java.base/jdk.internal.reflect.DelegatingMethodAccessorImpl.invoke(DelegatingMethodAccessorImpl.java:43)
at java.base/java.lang.reflect.Method.invoke(Method.java:564)
at org.testng.internal.invokers.MethodInvocationHelper.invokeMethod(MethodInvocationHelper.java:139)
at org.testng.internal.invokers.TestInvoker.invokeMethod(TestInvoker.java:664)
at org.testng.internal.invokers.TestInvoker.invokeTestMethod(TestInvoker.java:227)
at org.testng.internal.invokers.MethodRunner.runInSequence(MethodRunner.java:50)
at org.testng.internal.invokers.TestInvoker$MethodInvocationAgent.invoke(TestInvoker.java:957)
at org.testng.internal.invokers.TestInvoker.invokeTestMethods(TestInvoker.java:200)
at org.testng.internal.invokers.TestMethodWorker.invokeTestMethods(TestMethodWorker.java:148)
at org.testng.internal.invokers.TestMethodWorker.run(TestMethodWorker.java:128)
at java.base/java.util.ArrayList.forEach(ArrayList.java:1511)
at org.testng.TestRunner.privateRun(TestRunner.java:848)
at org.testng.TestRunner.run(TestRunner.java:621)
at org.testng.SuiteRunner.runTest(SuiteRunner.java:443)
at org.testng.SuiteRunner.runSequentially(SuiteRunner.java:437)
at org.testng.SuiteRunner.privateRun(SuiteRunner.java:397)
at org.testng.SuiteRunner.run(SuiteRunner.java:336)
at org.testng.SuiteRunnerWorker.runSuite(SuiteRunnerWorker.java:52)
at org.testng.SuiteRunnerWorker.run(SuiteRunnerWorker.java:95)
at org.testng.TestNG.runSuitesSequentially(TestNG.java:1280)
at org.testng.TestNG.runSuitesLocally(TestNG.java:1200)
at org.testng.TestNG.runSuites(TestNG.java:1114)
at org.testng.TestNG.run(TestNG.java:1082)
at org.testng.remote.AbstractRemoteTestNG.run(AbstractRemoteTestNG.java:115)
at org.testng.remote.RemoteTestNG.initAndRun(RemoteTestNG.java:293)
at org.testng.remote.RemoteTestNG.main(RemoteTestNG.java:91)
]]>
            </full-stacktrace>
          </exception> <!-- java.lang.AssertionError -->
          <reporter-output>
          </reporter-output>
        </test-method> <!-- Tc_001_MyAccountRigstrationTest -->
        <test-method is-config="true" signature="tearDown()[pri:0, instance:testCase.Tc_001_MyAccountRigstration@6f80fafe]" started-at="2024-05-02T18:35:37 IST" name="tearDown" finished-at="2024-05-02T18:35:37 IST" duration-ms="375" status="PASS">
          <reporter-output>
          </reporter-output>
        </test-method> <!-- tearDown -->
      </class> <!-- testCase.Tc_001_MyAccountRigstration -->
      <class name="testCase.Tc_002_LoginTest">
        <test-method is-config="true" signature="setUp(java.lang.String,java.lang.String)[pri:0, instance:testCase.Tc_002_LoginTest@224b4d61]" started-at="2024-05-02T18:35:37 IST" name="setUp" finished-at="2024-05-02T18:35:46 IST" duration-ms="8797" status="PASS">
          <params>
            <param index="0">
              <value>
                <![CDATA[Window]]>
              </value>
            </param>
            <param index="1">
              <value>
                <![CDATA[chrome]]>
              </value>
            </param>
          </params>
          <reporter-output>
          </reporter-output>
        </test-method> <!-- setUp -->
        <test-method signature="verify_Login()[pri:0, instance:testCase.Tc_002_LoginTest@224b4d61]" started-at="2024-05-02T18:35:46 IST" name="verify_Login" finished-at="2024-05-02T18:35:54 IST" duration-ms="7724" status="PASS">
          <reporter-output>
          </reporter-output>
        </test-method> <!-- verify_Login -->
        <test-method is-config="true" signature="tearDown()[pri:0, instance:testCase.Tc_002_LoginTest@224b4d61]" started-at="2024-05-02T18:35:54 IST" name="tearDown" finished-at="2024-05-02T18:35:54 IST" duration-ms="371" status="PASS">
          <reporter-output>
          </reporter-output>
        </test-method> <!-- tearDown -->
      </class> <!-- testCase.Tc_002_LoginTest -->
    </test> <!-- Test -->
  </suite> <!-- MySuite -->
</testng-results>
